[debug] [2017-11-04T04:02:54.402Z] ----------------------------------------------------------------------
[debug] [2017-11-04T04:02:54.402Z] Command:       C:\Program Files\nodejs\node.exe C:\Users\Sprite-Labtop\AppData\Roaming\npm\node_modules\firebase-tools\bin\firebase serve --only functions
[debug] [2017-11-04T04:02:54.402Z] CLI Version:   3.14.0
[debug] [2017-11-04T04:02:54.402Z] Platform:      win32
[debug] [2017-11-04T04:02:54.402Z] Node Version:  v8.7.0
[debug] [2017-11-04T04:02:54.402Z] Time:          Sat Nov 04 2017 11:02:54 GMT+0700 (SE Asia Standard Time)
[debug] [2017-11-04T04:02:54.402Z] ----------------------------------------------------------------------
[debug] 
[debug] [2017-11-04T04:02:54.417Z] > command requires scopes: ["email","openid","https://www.googleapis.com/auth/cloudplatformprojects.readonly","https://www.googleapis.com/auth/firebase","https://www.googleapis.com/auth/cloud-platform"]
[debug] [2017-11-04T04:02:54.417Z] > authorizing via signed-in user
[debug] [2017-11-04T04:02:54.417Z] >>> HTTP REQUEST GET https://admin.firebase.com/v1/projects/learncloundfunction  
 Sat Nov 04 2017 11:02:54 GMT+0700 (SE Asia Standard Time)
[debug] [2017-11-04T04:02:55.593Z] <<< HTTP RESPONSE 200
[debug] [2017-11-04T04:02:55.593Z] >>> HTTP REQUEST GET https://admin.firebase.com/v1/database/learncloundfunction/tokens  
 Sat Nov 04 2017 11:02:55 GMT+0700 (SE Asia Standard Time)
[debug] [2017-11-04T04:02:56.580Z] <<< HTTP RESPONSE 200
[info] 
[info] === Serving from 'C:\Users\Sprite-Labtop\Documents\Coding\learnCloundFunction'...
[info] 
[info] i  functions: Preparing to emulate functions.
[debug] [2017-11-04T04:02:57.277Z] >>> HTTP REQUEST GET https://appengine.googleapis.com/v1/apps/learncloundfunction  
 Sat Nov 04 2017 11:02:57 GMT+0700 (SE Asia Standard Time)
[debug] [2017-11-04T04:02:57.277Z] >>> HTTP REQUEST GET https://apikeys.googleapis.com/v1/projects/learncloundfunction/apiKeys  
 Sat Nov 04 2017 11:02:57 GMT+0700 (SE Asia Standard Time)
[debug] [2017-11-04T04:02:58.658Z] <<< HTTP RESPONSE 200
[debug] [2017-11-04T04:02:58.809Z] <<< HTTP RESPONSE 200
[info] +  functions: getBalance: http://localhost:5000/learncloundfunction/us-central1/getBalance
[info] +  functions: withdraw: http://localhost:5000/learncloundfunction/us-central1/withdraw
[info] Shutting down...
[debug] [2017-11-04T04:31:39.956Z] ----------------------------------------------------------------------
[debug] [2017-11-04T04:31:39.961Z] Command:       C:\Program Files\nodejs\node.exe C:\Users\Sprite-Labtop\AppData\Roaming\npm\node_modules\firebase-tools\bin\firebase serve --only functions
[debug] [2017-11-04T04:31:39.962Z] CLI Version:   3.14.0
[debug] [2017-11-04T04:31:39.962Z] Platform:      win32
[debug] [2017-11-04T04:31:39.962Z] Node Version:  v8.7.0
[debug] [2017-11-04T04:31:39.963Z] Time:          Sat Nov 04 2017 11:31:39 GMT+0700 (SE Asia Standard Time)
[debug] [2017-11-04T04:31:39.963Z] ----------------------------------------------------------------------
[debug] 
[debug] [2017-11-04T04:31:39.978Z] > command requires scopes: ["email","openid","https://www.googleapis.com/auth/cloudplatformprojects.readonly","https://www.googleapis.com/auth/firebase","https://www.googleapis.com/auth/cloud-platform"]
[debug] [2017-11-04T04:31:39.979Z] > authorizing via signed-in user
[debug] [2017-11-04T04:31:39.981Z] >>> HTTP REQUEST GET https://admin.firebase.com/v1/projects/learncloundfunction  
 Sat Nov 04 2017 11:31:39 GMT+0700 (SE Asia Standard Time)
[debug] [2017-11-04T04:31:41.140Z] <<< HTTP RESPONSE 200
[debug] [2017-11-04T04:31:41.155Z] >>> HTTP REQUEST GET https://admin.firebase.com/v1/database/learncloundfunction/tokens  
 Sat Nov 04 2017 11:31:41 GMT+0700 (SE Asia Standard Time)
[debug] [2017-11-04T04:31:42.092Z] <<< HTTP RESPONSE 200
[info] 
[info] === Serving from 'C:\Users\Sprite-Labtop\Documents\Coding\learnCloundFunction'...
[info] 
[info] i  functions: Preparing to emulate functions.
[debug] [2017-11-04T04:31:42.513Z] >>> HTTP REQUEST GET https://appengine.googleapis.com/v1/apps/learncloundfunction  
 Sat Nov 04 2017 11:31:42 GMT+0700 (SE Asia Standard Time)
[debug] [2017-11-04T04:31:42.514Z] >>> HTTP REQUEST GET https://apikeys.googleapis.com/v1/projects/learncloundfunction/apiKeys  
 Sat Nov 04 2017 11:31:42 GMT+0700 (SE Asia Standard Time)
[debug] [2017-11-04T04:31:43.949Z] <<< HTTP RESPONSE 200
[debug] [2017-11-04T04:31:44.064Z] <<< HTTP RESPONSE 200
[info] +  functions: getBalance: http://localhost:5000/learncloundfunction/us-central1/getBalance
[info] +  functions: withdraw: http://localhost:5000/learncloundfunction/us-central1/withdraw
[info] Shutting down...
[debug] [2017-11-04T04:43:42.366Z] ----------------------------------------------------------------------
[debug] [2017-11-04T04:43:42.366Z] Command:       C:\Program Files\nodejs\node.exe C:\Users\Sprite-Labtop\AppData\Roaming\npm\node_modules\firebase-tools\bin\firebase serve --only functions
[debug] [2017-11-04T04:43:42.366Z] CLI Version:   3.14.0
[debug] [2017-11-04T04:43:42.366Z] Platform:      win32
[debug] [2017-11-04T04:43:42.366Z] Node Version:  v8.7.0
[debug] [2017-11-04T04:43:42.366Z] Time:          Sat Nov 04 2017 11:43:42 GMT+0700 (SE Asia Standard Time)
[debug] [2017-11-04T04:43:42.366Z] ----------------------------------------------------------------------
[debug] 
[debug] [2017-11-04T04:43:42.381Z] > command requires scopes: ["email","openid","https://www.googleapis.com/auth/cloudplatformprojects.readonly","https://www.googleapis.com/auth/firebase","https://www.googleapis.com/auth/cloud-platform"]
[debug] [2017-11-04T04:43:42.397Z] > authorizing via signed-in user
[debug] [2017-11-04T04:43:42.397Z] > refreshing access token with scopes: ["email","https://www.googleapis.com/auth/cloud-platform","https://www.googleapis.com/auth/cloudplatformprojects.readonly","https://www.googleapis.com/auth/firebase","openid"]
[debug] [2017-11-04T04:43:42.397Z] >>> HTTP REQUEST POST https://www.googleapis.com/oauth2/v3/token { refresh_token: '1/DC_KcsjQNeKN-y2J_prEmTSiyiuwnQq6pyGctwJiTfc',
  client_id: '563584335869-fgrhgmd47bqnekij5i8b5pr03ho849e6.apps.googleusercontent.com',
  client_secret: 'j9iVZfS8kkCEFUPaAeJV0sAi',
  grant_type: 'refresh_token',
  scope: 'email https://www.googleapis.com/auth/cloud-platform https://www.googleapis.com/auth/cloudplatformprojects.readonly https://www.googleapis.com/auth/firebase openid' } 
 Sat Nov 04 2017 11:43:42 GMT+0700 (SE Asia Standard Time)
[debug] [2017-11-04T04:43:42.681Z] <<< HTTP RESPONSE 200
[debug] [2017-11-04T04:43:42.681Z] >>> HTTP REQUEST GET https://admin.firebase.com/v1/projects/learncloundfunction  
 Sat Nov 04 2017 11:43:42 GMT+0700 (SE Asia Standard Time)
[debug] [2017-11-04T04:43:44.873Z] <<< HTTP RESPONSE 200
[debug] [2017-11-04T04:43:44.875Z] >>> HTTP REQUEST GET https://admin.firebase.com/v1/database/learncloundfunction/tokens  
 Sat Nov 04 2017 11:43:44 GMT+0700 (SE Asia Standard Time)
[debug] [2017-11-04T04:43:45.748Z] <<< HTTP RESPONSE 200
[info] 
[info] === Serving from 'C:\Users\Sprite-Labtop\Documents\Coding\learnCloundFunction'...
[info] 
[info] i  functions: Preparing to emulate functions.
[debug] [2017-11-04T04:43:46.123Z] >>> HTTP REQUEST GET https://appengine.googleapis.com/v1/apps/learncloundfunction  
 Sat Nov 04 2017 11:43:46 GMT+0700 (SE Asia Standard Time)
[debug] [2017-11-04T04:43:46.123Z] >>> HTTP REQUEST GET https://apikeys.googleapis.com/v1/projects/learncloundfunction/apiKeys  
 Sat Nov 04 2017 11:43:46 GMT+0700 (SE Asia Standard Time)
[debug] [2017-11-04T04:43:47.544Z] <<< HTTP RESPONSE 200
[debug] [2017-11-04T04:43:47.672Z] <<< HTTP RESPONSE 200
[info] +  functions: getBalance: http://localhost:5000/learncloundfunction/us-central1/getBalance
[info] +  functions: withdraw: http://localhost:5000/learncloundfunction/us-central1/withdraw
[info] Shutting down...
[debug] [2017-11-04T07:08:21.542Z] ----------------------------------------------------------------------
[debug] [2017-11-04T07:08:21.542Z] Command:       C:\Program Files\nodejs\node.exe C:\Users\Sprite-Labtop\AppData\Roaming\npm\node_modules\firebase-tools\bin\firebase serve --only functions
[debug] [2017-11-04T07:08:21.542Z] CLI Version:   3.14.0
[debug] [2017-11-04T07:08:21.542Z] Platform:      win32
[debug] [2017-11-04T07:08:21.542Z] Node Version:  v8.7.0
[debug] [2017-11-04T07:08:21.542Z] Time:          Sat Nov 04 2017 14:08:21 GMT+0700 (SE Asia Standard Time)
[debug] [2017-11-04T07:08:21.542Z] ----------------------------------------------------------------------
[debug] 
[debug] [2017-11-04T07:08:21.558Z] > command requires scopes: ["email","openid","https://www.googleapis.com/auth/cloudplatformprojects.readonly","https://www.googleapis.com/auth/firebase","https://www.googleapis.com/auth/cloud-platform"]
[debug] [2017-11-04T07:08:21.558Z] > authorizing via signed-in user
[debug] [2017-11-04T07:08:21.558Z] > refreshing access token with scopes: ["email","https://www.googleapis.com/auth/cloud-platform","https://www.googleapis.com/auth/cloudplatformprojects.readonly","https://www.googleapis.com/auth/firebase","openid"]
[debug] [2017-11-04T07:08:21.558Z] >>> HTTP REQUEST POST https://www.googleapis.com/oauth2/v3/token { refresh_token: '1/DC_KcsjQNeKN-y2J_prEmTSiyiuwnQq6pyGctwJiTfc',
  client_id: '563584335869-fgrhgmd47bqnekij5i8b5pr03ho849e6.apps.googleusercontent.com',
  client_secret: 'j9iVZfS8kkCEFUPaAeJV0sAi',
  grant_type: 'refresh_token',
  scope: 'email https://www.googleapis.com/auth/cloud-platform https://www.googleapis.com/auth/cloudplatformprojects.readonly https://www.googleapis.com/auth/firebase openid' } 
 Sat Nov 04 2017 14:08:21 GMT+0700 (SE Asia Standard Time)
[debug] [2017-11-04T07:08:21.849Z] <<< HTTP RESPONSE 200
[debug] [2017-11-04T07:08:21.896Z] >>> HTTP REQUEST GET https://admin.firebase.com/v1/projects/learncloundfunction  
 Sat Nov 04 2017 14:08:21 GMT+0700 (SE Asia Standard Time)
[debug] [2017-11-04T07:08:23.005Z] <<< HTTP RESPONSE 200
[debug] [2017-11-04T07:08:23.006Z] >>> HTTP REQUEST GET https://admin.firebase.com/v1/database/learncloundfunction/tokens  
 Sat Nov 04 2017 14:08:23 GMT+0700 (SE Asia Standard Time)
[debug] [2017-11-04T07:08:23.884Z] <<< HTTP RESPONSE 200
[info] 
[info] === Serving from 'C:\Users\Sprite-Labtop\Documents\Coding\learnCloundFunction'...
[info] 
[info] i  functions: Preparing to emulate functions.
[debug] [2017-11-04T07:08:24.507Z] >>> HTTP REQUEST GET https://appengine.googleapis.com/v1/apps/learncloundfunction  
 Sat Nov 04 2017 14:08:24 GMT+0700 (SE Asia Standard Time)
[debug] [2017-11-04T07:08:24.508Z] >>> HTTP REQUEST GET https://apikeys.googleapis.com/v1/projects/learncloundfunction/apiKeys  
 Sat Nov 04 2017 14:08:24 GMT+0700 (SE Asia Standard Time)
[debug] [2017-11-04T07:08:25.826Z] <<< HTTP RESPONSE 200
[debug] [2017-11-04T07:08:26.024Z] <<< HTTP RESPONSE 200
[info] +  functions: getBalance: http://localhost:5000/learncloundfunction/us-central1/getBalance
[info] +  functions: withdraw: http://localhost:5000/learncloundfunction/us-central1/withdraw
[debug] [2017-11-04T07:27:54.619Z] ----------------------------------------------------------------------
[debug] [2017-11-04T07:27:54.619Z] Command:       C:\Program Files\nodejs\node.exe C:\Users\Sprite-Labtop\AppData\Roaming\npm\node_modules\firebase-tools\bin\firebase serve --only functions
[debug] [2017-11-04T07:27:54.619Z] CLI Version:   3.14.0
[debug] [2017-11-04T07:27:54.619Z] Platform:      win32
[debug] [2017-11-04T07:27:54.619Z] Node Version:  v8.7.0
[debug] [2017-11-04T07:27:54.619Z] Time:          Sat Nov 04 2017 14:27:54 GMT+0700 (SE Asia Standard Time)
[debug] [2017-11-04T07:27:54.619Z] ----------------------------------------------------------------------
[debug] 
[debug] [2017-11-04T07:27:54.651Z] > command requires scopes: ["email","openid","https://www.googleapis.com/auth/cloudplatformprojects.readonly","https://www.googleapis.com/auth/firebase","https://www.googleapis.com/auth/cloud-platform"]
[debug] [2017-11-04T07:27:54.651Z] > authorizing via signed-in user
[debug] [2017-11-04T07:27:54.651Z] >>> HTTP REQUEST GET https://admin.firebase.com/v1/projects/learncloundfunction  
 Sat Nov 04 2017 14:27:54 GMT+0700 (SE Asia Standard Time)
[debug] [2017-11-04T07:27:56.841Z] <<< HTTP RESPONSE 200
[debug] [2017-11-04T07:27:56.844Z] >>> HTTP REQUEST GET https://admin.firebase.com/v1/database/learncloundfunction/tokens  
 Sat Nov 04 2017 14:27:56 GMT+0700 (SE Asia Standard Time)
[debug] [2017-11-04T07:27:57.884Z] <<< HTTP RESPONSE 200
[info] 
[info] === Serving from 'C:\Users\Sprite-Labtop\Documents\Coding\learnCloundFunction'...
[info] 
[info] i  functions: Preparing to emulate functions.
[debug] [2017-11-04T07:27:58.502Z] >>> HTTP REQUEST GET https://appengine.googleapis.com/v1/apps/learncloundfunction  
 Sat Nov 04 2017 14:27:58 GMT+0700 (SE Asia Standard Time)
[debug] [2017-11-04T07:27:58.502Z] >>> HTTP REQUEST GET https://apikeys.googleapis.com/v1/projects/learncloundfunction/apiKeys  
 Sat Nov 04 2017 14:27:58 GMT+0700 (SE Asia Standard Time)
[debug] [2017-11-04T07:27:59.924Z] <<< HTTP RESPONSE 200
[debug] [2017-11-04T07:28:00.099Z] <<< HTTP RESPONSE 200
[info] +  functions: getBalance: http://localhost:5000/learncloundfunction/us-central1/getBalance
[info] +  functions: withdraw: http://localhost:5000/learncloundfunction/us-central1/withdraw
[info] Shutting down...
[debug] [2017-11-04T07:29:14.960Z] ----------------------------------------------------------------------
[debug] [2017-11-04T07:29:14.960Z] Command:       C:\Program Files\nodejs\node.exe C:\Users\Sprite-Labtop\AppData\Roaming\npm\node_modules\firebase-tools\bin\firebase serve --only functions
[debug] [2017-11-04T07:29:14.960Z] CLI Version:   3.14.0
[debug] [2017-11-04T07:29:14.960Z] Platform:      win32
[debug] [2017-11-04T07:29:14.960Z] Node Version:  v8.7.0
[debug] [2017-11-04T07:29:14.960Z] Time:          Sat Nov 04 2017 14:29:14 GMT+0700 (SE Asia Standard Time)
[debug] [2017-11-04T07:29:14.960Z] ----------------------------------------------------------------------
[debug] 
[debug] [2017-11-04T07:29:14.976Z] > command requires scopes: ["email","openid","https://www.googleapis.com/auth/cloudplatformprojects.readonly","https://www.googleapis.com/auth/firebase","https://www.googleapis.com/auth/cloud-platform"]
[debug] [2017-11-04T07:29:14.976Z] > authorizing via signed-in user
[debug] [2017-11-04T07:29:14.976Z] >>> HTTP REQUEST GET https://admin.firebase.com/v1/projects/learncloundfunction  
 Sat Nov 04 2017 14:29:14 GMT+0700 (SE Asia Standard Time)
[debug] [2017-11-04T07:29:16.119Z] <<< HTTP RESPONSE 200
[debug] [2017-11-04T07:29:16.119Z] >>> HTTP REQUEST GET https://admin.firebase.com/v1/database/learncloundfunction/tokens  
 Sat Nov 04 2017 14:29:16 GMT+0700 (SE Asia Standard Time)
[debug] [2017-11-04T07:29:17.052Z] <<< HTTP RESPONSE 200
[info] 
[info] === Serving from 'C:\Users\Sprite-Labtop\Documents\Coding\learnCloundFunction'...
[info] 
[info] i  functions: Preparing to emulate functions.
[debug] [2017-11-04T07:29:17.469Z] >>> HTTP REQUEST GET https://appengine.googleapis.com/v1/apps/learncloundfunction  
 Sat Nov 04 2017 14:29:17 GMT+0700 (SE Asia Standard Time)
[debug] [2017-11-04T07:29:17.470Z] >>> HTTP REQUEST GET https://apikeys.googleapis.com/v1/projects/learncloundfunction/apiKeys  
 Sat Nov 04 2017 14:29:17 GMT+0700 (SE Asia Standard Time)
[debug] [2017-11-04T07:29:18.860Z] <<< HTTP RESPONSE 200
[debug] [2017-11-04T07:29:18.987Z] <<< HTTP RESPONSE 200
[info] +  functions: getBalance: http://localhost:5000/learncloundfunction/us-central1/getBalance
[info] +  functions: withdraw: http://localhost:5000/learncloundfunction/us-central1/withdraw
[info] Shutting down...
[debug] [2017-11-04T07:32:51.573Z] ----------------------------------------------------------------------
[debug] [2017-11-04T07:32:51.573Z] Command:       C:\Program Files\nodejs\node.exe C:\Users\Sprite-Labtop\AppData\Roaming\npm\node_modules\firebase-tools\bin\firebase serve --only functions
[debug] [2017-11-04T07:32:51.573Z] CLI Version:   3.14.0
[debug] [2017-11-04T07:32:51.573Z] Platform:      win32
[debug] [2017-11-04T07:32:51.573Z] Node Version:  v8.7.0
[debug] [2017-11-04T07:32:51.573Z] Time:          Sat Nov 04 2017 14:32:51 GMT+0700 (SE Asia Standard Time)
[debug] [2017-11-04T07:32:51.573Z] ----------------------------------------------------------------------
[debug] 
[debug] [2017-11-04T07:32:51.589Z] > command requires scopes: ["email","openid","https://www.googleapis.com/auth/cloudplatformprojects.readonly","https://www.googleapis.com/auth/firebase","https://www.googleapis.com/auth/cloud-platform"]
[debug] [2017-11-04T07:32:51.589Z] > authorizing via signed-in user
[debug] [2017-11-04T07:32:51.605Z] >>> HTTP REQUEST GET https://admin.firebase.com/v1/projects/learncloundfunction  
 Sat Nov 04 2017 14:32:51 GMT+0700 (SE Asia Standard Time)
[debug] [2017-11-04T07:32:52.690Z] <<< HTTP RESPONSE 200
[debug] [2017-11-04T07:32:52.706Z] >>> HTTP REQUEST GET https://admin.firebase.com/v1/database/learncloundfunction/tokens  
 Sat Nov 04 2017 14:32:52 GMT+0700 (SE Asia Standard Time)
[debug] [2017-11-04T07:32:53.550Z] <<< HTTP RESPONSE 200
[info] 
[info] === Serving from 'C:\Users\Sprite-Labtop\Documents\Coding\learnCloundFunction'...
[info] 
[info] i  functions: Preparing to emulate functions.
[debug] [2017-11-04T07:32:53.926Z] >>> HTTP REQUEST GET https://appengine.googleapis.com/v1/apps/learncloundfunction  
 Sat Nov 04 2017 14:32:53 GMT+0700 (SE Asia Standard Time)
[debug] [2017-11-04T07:32:53.926Z] >>> HTTP REQUEST GET https://apikeys.googleapis.com/v1/projects/learncloundfunction/apiKeys  
 Sat Nov 04 2017 14:32:53 GMT+0700 (SE Asia Standard Time)
[debug] [2017-11-04T07:32:55.311Z] <<< HTTP RESPONSE 200
[debug] [2017-11-04T07:32:55.439Z] <<< HTTP RESPONSE 200
[info] +  functions: getBalance: http://localhost:5000/learncloundfunction/us-central1/getBalance
[info] +  functions: withdraw: http://localhost:5000/learncloundfunction/us-central1/withdraw
[info] +  functions: withdrawTransaction: http://localhost:5000/learncloundfunction/us-central1/withdrawTransaction
[info] Shutting down...
[debug] [2017-11-04T07:36:01.241Z] ----------------------------------------------------------------------
[debug] [2017-11-04T07:36:01.241Z] Command:       C:\Program Files\nodejs\node.exe C:\Users\Sprite-Labtop\AppData\Roaming\npm\node_modules\firebase-tools\bin\firebase serve --only functions
[debug] [2017-11-04T07:36:01.241Z] CLI Version:   3.14.0
[debug] [2017-11-04T07:36:01.241Z] Platform:      win32
[debug] [2017-11-04T07:36:01.241Z] Node Version:  v8.7.0
[debug] [2017-11-04T07:36:01.241Z] Time:          Sat Nov 04 2017 14:36:01 GMT+0700 (SE Asia Standard Time)
[debug] [2017-11-04T07:36:01.241Z] ----------------------------------------------------------------------
[debug] 
[debug] [2017-11-04T07:36:01.257Z] > command requires scopes: ["email","openid","https://www.googleapis.com/auth/cloudplatformprojects.readonly","https://www.googleapis.com/auth/firebase","https://www.googleapis.com/auth/cloud-platform"]
[debug] [2017-11-04T07:36:01.257Z] > authorizing via signed-in user
[debug] [2017-11-04T07:36:01.257Z] >>> HTTP REQUEST GET https://admin.firebase.com/v1/projects/learncloundfunction  
 Sat Nov 04 2017 14:36:01 GMT+0700 (SE Asia Standard Time)
[debug] [2017-11-04T07:36:02.372Z] <<< HTTP RESPONSE 200
[debug] [2017-11-04T07:36:02.373Z] >>> HTTP REQUEST GET https://admin.firebase.com/v1/database/learncloundfunction/tokens  
 Sat Nov 04 2017 14:36:02 GMT+0700 (SE Asia Standard Time)
[debug] [2017-11-04T07:36:03.212Z] <<< HTTP RESPONSE 200
[info] 
[info] === Serving from 'C:\Users\Sprite-Labtop\Documents\Coding\learnCloundFunction'...
[info] 
[info] i  functions: Preparing to emulate functions.
[debug] [2017-11-04T07:36:03.583Z] >>> HTTP REQUEST GET https://appengine.googleapis.com/v1/apps/learncloundfunction  
 Sat Nov 04 2017 14:36:03 GMT+0700 (SE Asia Standard Time)
[debug] [2017-11-04T07:36:03.583Z] >>> HTTP REQUEST GET https://apikeys.googleapis.com/v1/projects/learncloundfunction/apiKeys  
 Sat Nov 04 2017 14:36:03 GMT+0700 (SE Asia Standard Time)
[debug] [2017-11-04T07:36:04.958Z] <<< HTTP RESPONSE 200
[debug] [2017-11-04T07:36:05.115Z] <<< HTTP RESPONSE 200
[info] +  functions: withdraw: http://localhost:5000/learncloundfunction/us-central1/withdraw
[info] +  functions: withdrawTransaction: http://localhost:5000/learncloundfunction/us-central1/withdrawTransaction
[info] +  functions: getBalance: http://localhost:5000/learncloundfunction/us-central1/getBalance
[info] Shutting down...
[debug] [2017-11-04T07:37:00.150Z] ----------------------------------------------------------------------
[debug] [2017-11-04T07:37:00.150Z] Command:       C:\Program Files\nodejs\node.exe C:\Users\Sprite-Labtop\AppData\Roaming\npm\node_modules\firebase-tools\bin\firebase serve --only functions
[debug] [2017-11-04T07:37:00.150Z] CLI Version:   3.14.0
[debug] [2017-11-04T07:37:00.150Z] Platform:      win32
[debug] [2017-11-04T07:37:00.150Z] Node Version:  v8.7.0
[debug] [2017-11-04T07:37:00.165Z] Time:          Sat Nov 04 2017 14:37:00 GMT+0700 (SE Asia Standard Time)
[debug] [2017-11-04T07:37:00.165Z] ----------------------------------------------------------------------
[debug] 
[debug] [2017-11-04T07:37:00.165Z] > command requires scopes: ["email","openid","https://www.googleapis.com/auth/cloudplatformprojects.readonly","https://www.googleapis.com/auth/firebase","https://www.googleapis.com/auth/cloud-platform"]
[debug] [2017-11-04T07:37:00.165Z] > authorizing via signed-in user
[debug] [2017-11-04T07:37:00.181Z] >>> HTTP REQUEST GET https://admin.firebase.com/v1/projects/learncloundfunction  
 Sat Nov 04 2017 14:37:00 GMT+0700 (SE Asia Standard Time)
[debug] [2017-11-04T07:37:01.353Z] <<< HTTP RESPONSE 200
[debug] [2017-11-04T07:37:01.353Z] >>> HTTP REQUEST GET https://admin.firebase.com/v1/database/learncloundfunction/tokens  
 Sat Nov 04 2017 14:37:01 GMT+0700 (SE Asia Standard Time)
[debug] [2017-11-04T07:37:02.228Z] <<< HTTP RESPONSE 200
[info] 
[info] === Serving from 'C:\Users\Sprite-Labtop\Documents\Coding\learnCloundFunction'...
[info] 
[info] i  functions: Preparing to emulate functions.
[debug] [2017-11-04T07:37:02.618Z] >>> HTTP REQUEST GET https://appengine.googleapis.com/v1/apps/learncloundfunction  
 Sat Nov 04 2017 14:37:02 GMT+0700 (SE Asia Standard Time)
[debug] [2017-11-04T07:37:02.618Z] >>> HTTP REQUEST GET https://apikeys.googleapis.com/v1/projects/learncloundfunction/apiKeys  
 Sat Nov 04 2017 14:37:02 GMT+0700 (SE Asia Standard Time)
[debug] [2017-11-04T07:37:03.993Z] <<< HTTP RESPONSE 200
[debug] [2017-11-04T07:37:04.165Z] <<< HTTP RESPONSE 200
[info] +  functions: getBalance: http://localhost:5000/learncloundfunction/us-central1/getBalance
[info] +  functions: withdrawTransaction: http://localhost:5000/learncloundfunction/us-central1/withdrawTransaction
[info] +  functions: withdraw: http://localhost:5000/learncloundfunction/us-central1/withdraw
[info] Shutting down...
[debug] [2017-11-04T08:53:48.820Z] ----------------------------------------------------------------------
[debug] [2017-11-04T08:53:48.820Z] Command:       C:\Program Files\nodejs\node.exe C:\Users\Sprite-Labtop\AppData\Roaming\npm\node_modules\firebase-tools\bin\firebase serve --only functions
[debug] [2017-11-04T08:53:48.820Z] CLI Version:   3.14.0
[debug] [2017-11-04T08:53:48.820Z] Platform:      win32
[debug] [2017-11-04T08:53:48.820Z] Node Version:  v8.7.0
[debug] [2017-11-04T08:53:48.820Z] Time:          Sat Nov 04 2017 15:53:48 GMT+0700 (SE Asia Standard Time)
[debug] [2017-11-04T08:53:48.820Z] ----------------------------------------------------------------------
[debug] 
[debug] [2017-11-04T08:53:48.836Z] > command requires scopes: ["email","openid","https://www.googleapis.com/auth/cloudplatformprojects.readonly","https://www.googleapis.com/auth/firebase","https://www.googleapis.com/auth/cloud-platform"]
[debug] [2017-11-04T08:53:48.836Z] > authorizing via signed-in user
[debug] [2017-11-04T08:53:48.836Z] > refreshing access token with scopes: ["email","https://www.googleapis.com/auth/cloud-platform","https://www.googleapis.com/auth/cloudplatformprojects.readonly","https://www.googleapis.com/auth/firebase","openid"]
[debug] [2017-11-04T08:53:48.836Z] >>> HTTP REQUEST POST https://www.googleapis.com/oauth2/v3/token { refresh_token: '1/DC_KcsjQNeKN-y2J_prEmTSiyiuwnQq6pyGctwJiTfc',
  client_id: '563584335869-fgrhgmd47bqnekij5i8b5pr03ho849e6.apps.googleusercontent.com',
  client_secret: 'j9iVZfS8kkCEFUPaAeJV0sAi',
  grant_type: 'refresh_token',
  scope: 'email https://www.googleapis.com/auth/cloud-platform https://www.googleapis.com/auth/cloudplatformprojects.readonly https://www.googleapis.com/auth/firebase openid' } 
 Sat Nov 04 2017 15:53:48 GMT+0700 (SE Asia Standard Time)
[debug] [2017-11-04T08:53:49.135Z] <<< HTTP RESPONSE 200
[debug] [2017-11-04T08:53:49.169Z] >>> HTTP REQUEST GET https://admin.firebase.com/v1/projects/learncloundfunction  
 Sat Nov 04 2017 15:53:49 GMT+0700 (SE Asia Standard Time)
[debug] [2017-11-04T08:53:50.320Z] <<< HTTP RESPONSE 200
[debug] [2017-11-04T08:53:50.320Z] >>> HTTP REQUEST GET https://admin.firebase.com/v1/database/learncloundfunction/tokens  
 Sat Nov 04 2017 15:53:50 GMT+0700 (SE Asia Standard Time)
[debug] [2017-11-04T08:53:51.309Z] <<< HTTP RESPONSE 200
[info] 
[info] === Serving from 'C:\Users\Sprite-Labtop\Documents\Coding\learnCloundFunction'...
[info] 
[info] i  functions: Preparing to emulate functions.
[debug] [2017-11-04T08:53:51.782Z] >>> HTTP REQUEST GET https://appengine.googleapis.com/v1/apps/learncloundfunction  
 Sat Nov 04 2017 15:53:51 GMT+0700 (SE Asia Standard Time)
[debug] [2017-11-04T08:53:51.783Z] >>> HTTP REQUEST GET https://apikeys.googleapis.com/v1/projects/learncloundfunction/apiKeys  
 Sat Nov 04 2017 15:53:51 GMT+0700 (SE Asia Standard Time)
[debug] [2017-11-04T08:53:53.153Z] <<< HTTP RESPONSE 200
[debug] [2017-11-04T08:53:53.343Z] <<< HTTP RESPONSE 200
[info] +  functions: withdraw: http://localhost:5000/learncloundfunction/us-central1/withdraw
[info] +  functions: getBalance: http://localhost:5000/learncloundfunction/us-central1/getBalance
[info] +  functions: addStock: http://localhost:5000/learncloundfunction/us-central1/addStock
[info] Shutting down...
[debug] [2017-11-04T08:56:48.703Z] ----------------------------------------------------------------------
[debug] [2017-11-04T08:56:48.703Z] Command:       C:\Program Files\nodejs\node.exe C:\Users\Sprite-Labtop\AppData\Roaming\npm\node_modules\firebase-tools\bin\firebase serve --only functions
[debug] [2017-11-04T08:56:48.703Z] CLI Version:   3.14.0
[debug] [2017-11-04T08:56:48.703Z] Platform:      win32
[debug] [2017-11-04T08:56:48.703Z] Node Version:  v8.7.0
[debug] [2017-11-04T08:56:48.703Z] Time:          Sat Nov 04 2017 15:56:48 GMT+0700 (SE Asia Standard Time)
[debug] [2017-11-04T08:56:48.703Z] ----------------------------------------------------------------------
[debug] 
[debug] [2017-11-04T08:56:48.719Z] > command requires scopes: ["email","openid","https://www.googleapis.com/auth/cloudplatformprojects.readonly","https://www.googleapis.com/auth/firebase","https://www.googleapis.com/auth/cloud-platform"]
[debug] [2017-11-04T08:56:48.719Z] > authorizing via signed-in user
[debug] [2017-11-04T08:56:48.735Z] >>> HTTP REQUEST GET https://admin.firebase.com/v1/projects/learncloundfunction  
 Sat Nov 04 2017 15:56:48 GMT+0700 (SE Asia Standard Time)
[debug] [2017-11-04T08:56:49.892Z] <<< HTTP RESPONSE 200
[debug] [2017-11-04T08:56:49.892Z] >>> HTTP REQUEST GET https://admin.firebase.com/v1/database/learncloundfunction/tokens  
 Sat Nov 04 2017 15:56:49 GMT+0700 (SE Asia Standard Time)
[debug] [2017-11-04T08:56:50.916Z] <<< HTTP RESPONSE 200
[info] 
[info] === Serving from 'C:\Users\Sprite-Labtop\Documents\Coding\learnCloundFunction'...
[info] 
[info] i  functions: Preparing to emulate functions.
[debug] [2017-11-04T08:56:51.344Z] >>> HTTP REQUEST GET https://appengine.googleapis.com/v1/apps/learncloundfunction  
 Sat Nov 04 2017 15:56:51 GMT+0700 (SE Asia Standard Time)
[debug] [2017-11-04T08:56:51.344Z] >>> HTTP REQUEST GET https://apikeys.googleapis.com/v1/projects/learncloundfunction/apiKeys  
 Sat Nov 04 2017 15:56:51 GMT+0700 (SE Asia Standard Time)
[debug] [2017-11-04T08:56:52.792Z] <<< HTTP RESPONSE 200
[debug] [2017-11-04T08:56:53.105Z] <<< HTTP RESPONSE 200
[info] +  functions: withdraw: http://localhost:5000/learncloundfunction/us-central1/withdraw
[info] +  functions: addStock: http://localhost:5000/learncloundfunction/us-central1/addStock
[info] +  functions: getBalance: http://localhost:5000/learncloundfunction/us-central1/getBalance
[info] Shutting down...
[debug] [2017-11-04T08:57:56.870Z] ----------------------------------------------------------------------
[debug] [2017-11-04T08:57:56.886Z] Command:       C:\Program Files\nodejs\node.exe C:\Users\Sprite-Labtop\AppData\Roaming\npm\node_modules\firebase-tools\bin\firebase serve --only functions
[debug] [2017-11-04T08:57:56.886Z] CLI Version:   3.14.0
[debug] [2017-11-04T08:57:56.886Z] Platform:      win32
[debug] [2017-11-04T08:57:56.886Z] Node Version:  v8.7.0
[debug] [2017-11-04T08:57:56.886Z] Time:          Sat Nov 04 2017 15:57:56 GMT+0700 (SE Asia Standard Time)
[debug] [2017-11-04T08:57:56.886Z] ----------------------------------------------------------------------
[debug] 
[debug] [2017-11-04T08:57:56.901Z] > command requires scopes: ["email","openid","https://www.googleapis.com/auth/cloudplatformprojects.readonly","https://www.googleapis.com/auth/firebase","https://www.googleapis.com/auth/cloud-platform"]
[debug] [2017-11-04T08:57:56.901Z] > authorizing via signed-in user
[debug] [2017-11-04T08:57:56.901Z] >>> HTTP REQUEST GET https://admin.firebase.com/v1/projects/learncloundfunction  
 Sat Nov 04 2017 15:57:56 GMT+0700 (SE Asia Standard Time)
[debug] [2017-11-04T08:57:58.014Z] <<< HTTP RESPONSE 200
[debug] [2017-11-04T08:57:58.014Z] >>> HTTP REQUEST GET https://admin.firebase.com/v1/database/learncloundfunction/tokens  
 Sat Nov 04 2017 15:57:58 GMT+0700 (SE Asia Standard Time)
[debug] [2017-11-04T08:57:58.971Z] <<< HTTP RESPONSE 200
[info] 
[info] === Serving from 'C:\Users\Sprite-Labtop\Documents\Coding\learnCloundFunction'...
[info] 
[info] i  functions: Preparing to emulate functions.
[debug] [2017-11-04T08:57:59.502Z] >>> HTTP REQUEST GET https://appengine.googleapis.com/v1/apps/learncloundfunction  
 Sat Nov 04 2017 15:57:59 GMT+0700 (SE Asia Standard Time)
[debug] [2017-11-04T08:57:59.502Z] >>> HTTP REQUEST GET https://apikeys.googleapis.com/v1/projects/learncloundfunction/apiKeys  
 Sat Nov 04 2017 15:57:59 GMT+0700 (SE Asia Standard Time)
[debug] [2017-11-04T08:58:00.852Z] <<< HTTP RESPONSE 200
[debug] [2017-11-04T08:58:01.024Z] <<< HTTP RESPONSE 200
[info] +  functions: getBalance: http://localhost:5000/learncloundfunction/us-central1/getBalance
[info] +  functions: withdraw: http://localhost:5000/learncloundfunction/us-central1/withdraw
[info] +  functions: addStock: http://localhost:5000/learncloundfunction/us-central1/addStock
[info] Shutting down...
[debug] [2017-11-04T09:03:22.205Z] ----------------------------------------------------------------------
[debug] [2017-11-04T09:03:22.210Z] Command:       C:\Program Files\nodejs\node.exe C:\Users\Sprite-Labtop\AppData\Roaming\npm\node_modules\firebase-tools\bin\firebase serve --only functions
[debug] [2017-11-04T09:03:22.210Z] CLI Version:   3.14.0
[debug] [2017-11-04T09:03:22.210Z] Platform:      win32
[debug] [2017-11-04T09:03:22.210Z] Node Version:  v8.7.0
[debug] [2017-11-04T09:03:22.211Z] Time:          Sat Nov 04 2017 16:03:22 GMT+0700 (SE Asia Standard Time)
[debug] [2017-11-04T09:03:22.211Z] ----------------------------------------------------------------------
[debug] 
[debug] [2017-11-04T09:03:22.222Z] > command requires scopes: ["email","openid","https://www.googleapis.com/auth/cloudplatformprojects.readonly","https://www.googleapis.com/auth/firebase","https://www.googleapis.com/auth/cloud-platform"]
[debug] [2017-11-04T09:03:22.222Z] > authorizing via signed-in user
[debug] [2017-11-04T09:03:22.238Z] >>> HTTP REQUEST GET https://admin.firebase.com/v1/projects/learncloundfunction  
 Sat Nov 04 2017 16:03:22 GMT+0700 (SE Asia Standard Time)
[debug] [2017-11-04T09:03:23.369Z] <<< HTTP RESPONSE 200
[debug] [2017-11-04T09:03:23.385Z] >>> HTTP REQUEST GET https://admin.firebase.com/v1/database/learncloundfunction/tokens  
 Sat Nov 04 2017 16:03:23 GMT+0700 (SE Asia Standard Time)
[debug] [2017-11-04T09:03:24.372Z] <<< HTTP RESPONSE 200
[info] 
[info] === Serving from 'C:\Users\Sprite-Labtop\Documents\Coding\learnCloundFunction'...
[info] 
[info] i  functions: Preparing to emulate functions.
[debug] [2017-11-04T09:03:24.762Z] >>> HTTP REQUEST GET https://appengine.googleapis.com/v1/apps/learncloundfunction  
 Sat Nov 04 2017 16:03:24 GMT+0700 (SE Asia Standard Time)
[debug] [2017-11-04T09:03:24.762Z] >>> HTTP REQUEST GET https://apikeys.googleapis.com/v1/projects/learncloundfunction/apiKeys  
 Sat Nov 04 2017 16:03:24 GMT+0700 (SE Asia Standard Time)
[debug] [2017-11-04T09:03:26.228Z] <<< HTTP RESPONSE 200
[debug] [2017-11-04T09:03:26.435Z] <<< HTTP RESPONSE 200
[info] +  functions: getBalance: http://localhost:5000/learncloundfunction/us-central1/getBalance
[info] +  functions: addStock: http://localhost:5000/learncloundfunction/us-central1/addStock
[info] +  functions: withdraw: http://localhost:5000/learncloundfunction/us-central1/withdraw
[info] Shutting down...
[debug] [2017-11-04T09:11:36.361Z] ----------------------------------------------------------------------
[debug] [2017-11-04T09:11:36.364Z] Command:       C:\Program Files\nodejs\node.exe C:\Users\Sprite-Labtop\AppData\Roaming\npm\node_modules\firebase-tools\bin\firebase serve --only functions
[debug] [2017-11-04T09:11:36.364Z] CLI Version:   3.14.0
[debug] [2017-11-04T09:11:36.365Z] Platform:      win32
[debug] [2017-11-04T09:11:36.365Z] Node Version:  v8.7.0
[debug] [2017-11-04T09:11:36.365Z] Time:          Sat Nov 04 2017 16:11:36 GMT+0700 (SE Asia Standard Time)
[debug] [2017-11-04T09:11:36.365Z] ----------------------------------------------------------------------
[debug] 
[debug] [2017-11-04T09:11:36.383Z] > command requires scopes: ["email","openid","https://www.googleapis.com/auth/cloudplatformprojects.readonly","https://www.googleapis.com/auth/firebase","https://www.googleapis.com/auth/cloud-platform"]
[debug] [2017-11-04T09:11:36.384Z] > authorizing via signed-in user
[debug] [2017-11-04T09:11:36.386Z] >>> HTTP REQUEST GET https://admin.firebase.com/v1/projects/learncloundfunction  
 Sat Nov 04 2017 16:11:36 GMT+0700 (SE Asia Standard Time)
[debug] [2017-11-04T09:11:37.570Z] <<< HTTP RESPONSE 200
[debug] [2017-11-04T09:11:37.571Z] >>> HTTP REQUEST GET https://admin.firebase.com/v1/database/learncloundfunction/tokens  
 Sat Nov 04 2017 16:11:37 GMT+0700 (SE Asia Standard Time)
[debug] [2017-11-04T09:11:38.406Z] <<< HTTP RESPONSE 200
[info] 
[info] === Serving from 'C:\Users\Sprite-Labtop\Documents\Coding\learnCloundFunction'...
[info] 
[info] i  functions: Preparing to emulate functions.
[debug] [2017-11-04T09:11:38.860Z] >>> HTTP REQUEST GET https://appengine.googleapis.com/v1/apps/learncloundfunction  
 Sat Nov 04 2017 16:11:38 GMT+0700 (SE Asia Standard Time)
[debug] [2017-11-04T09:11:38.860Z] >>> HTTP REQUEST GET https://apikeys.googleapis.com/v1/projects/learncloundfunction/apiKeys  
 Sat Nov 04 2017 16:11:38 GMT+0700 (SE Asia Standard Time)
[debug] [2017-11-04T09:11:40.308Z] <<< HTTP RESPONSE 200
[debug] [2017-11-04T09:11:40.437Z] <<< HTTP RESPONSE 200
[info] +  functions: getBalance: http://localhost:5000/learncloundfunction/us-central1/getBalance
[info] +  functions: withdraw: http://localhost:5000/learncloundfunction/us-central1/withdraw
[info] +  functions: addStock: http://localhost:5000/learncloundfunction/us-central1/addStock
[info] Shutting down...
[debug] [2017-11-04T09:16:06.378Z] ----------------------------------------------------------------------
[debug] [2017-11-04T09:16:06.383Z] Command:       C:\Program Files\nodejs\node.exe C:\Users\Sprite-Labtop\AppData\Roaming\npm\node_modules\firebase-tools\bin\firebase serve --only functions
[debug] [2017-11-04T09:16:06.384Z] CLI Version:   3.14.0
[debug] [2017-11-04T09:16:06.384Z] Platform:      win32
[debug] [2017-11-04T09:16:06.384Z] Node Version:  v8.7.0
[debug] [2017-11-04T09:16:06.385Z] Time:          Sat Nov 04 2017 16:16:06 GMT+0700 (SE Asia Standard Time)
[debug] [2017-11-04T09:16:06.385Z] ----------------------------------------------------------------------
[debug] 
[debug] [2017-11-04T09:16:06.407Z] > command requires scopes: ["email","openid","https://www.googleapis.com/auth/cloudplatformprojects.readonly","https://www.googleapis.com/auth/firebase","https://www.googleapis.com/auth/cloud-platform"]
[debug] [2017-11-04T09:16:06.408Z] > authorizing via signed-in user
[debug] [2017-11-04T09:16:06.412Z] >>> HTTP REQUEST GET https://admin.firebase.com/v1/projects/learncloundfunction  
 Sat Nov 04 2017 16:16:06 GMT+0700 (SE Asia Standard Time)
[debug] [2017-11-04T09:16:07.529Z] <<< HTTP RESPONSE 200
[debug] [2017-11-04T09:16:07.529Z] >>> HTTP REQUEST GET https://admin.firebase.com/v1/database/learncloundfunction/tokens  
 Sat Nov 04 2017 16:16:07 GMT+0700 (SE Asia Standard Time)
[debug] [2017-11-04T09:16:08.380Z] <<< HTTP RESPONSE 200
[info] 
[info] === Serving from 'C:\Users\Sprite-Labtop\Documents\Coding\learnCloundFunction'...
[info] 
[info] i  functions: Preparing to emulate functions.
[debug] [2017-11-04T09:16:08.768Z] >>> HTTP REQUEST GET https://appengine.googleapis.com/v1/apps/learncloundfunction  
 Sat Nov 04 2017 16:16:08 GMT+0700 (SE Asia Standard Time)
[debug] [2017-11-04T09:16:08.784Z] >>> HTTP REQUEST GET https://apikeys.googleapis.com/v1/projects/learncloundfunction/apiKeys  
 Sat Nov 04 2017 16:16:08 GMT+0700 (SE Asia Standard Time)
[debug] [2017-11-04T09:16:10.171Z] <<< HTTP RESPONSE 200
[debug] [2017-11-04T09:16:10.358Z] <<< HTTP RESPONSE 200
[info] +  functions: getBalance: http://localhost:5000/learncloundfunction/us-central1/getBalance
[info] +  functions: withdraw: http://localhost:5000/learncloundfunction/us-central1/withdraw
[info] +  functions: addStock: http://localhost:5000/learncloundfunction/us-central1/addStock
[info] Shutting down...
[debug] [2017-11-04T09:19:57.747Z] ----------------------------------------------------------------------
[debug] [2017-11-04T09:19:57.747Z] Command:       C:\Program Files\nodejs\node.exe C:\Users\Sprite-Labtop\AppData\Roaming\npm\node_modules\firebase-tools\bin\firebase serve --only functions
[debug] [2017-11-04T09:19:57.747Z] CLI Version:   3.14.0
[debug] [2017-11-04T09:19:57.747Z] Platform:      win32
[debug] [2017-11-04T09:19:57.747Z] Node Version:  v8.7.0
[debug] [2017-11-04T09:19:57.747Z] Time:          Sat Nov 04 2017 16:19:57 GMT+0700 (SE Asia Standard Time)
[debug] [2017-11-04T09:19:57.747Z] ----------------------------------------------------------------------
[debug] 
[debug] [2017-11-04T09:19:57.762Z] > command requires scopes: ["email","openid","https://www.googleapis.com/auth/cloudplatformprojects.readonly","https://www.googleapis.com/auth/firebase","https://www.googleapis.com/auth/cloud-platform"]
[debug] [2017-11-04T09:19:57.762Z] > authorizing via signed-in user
[debug] [2017-11-04T09:19:57.778Z] >>> HTTP REQUEST GET https://admin.firebase.com/v1/projects/learncloundfunction  
 Sat Nov 04 2017 16:19:57 GMT+0700 (SE Asia Standard Time)
[debug] [2017-11-04T09:19:59.014Z] <<< HTTP RESPONSE 200
[debug] [2017-11-04T09:19:59.015Z] >>> HTTP REQUEST GET https://admin.firebase.com/v1/database/learncloundfunction/tokens  
 Sat Nov 04 2017 16:19:59 GMT+0700 (SE Asia Standard Time)
[debug] [2017-11-04T09:19:59.938Z] <<< HTTP RESPONSE 200
[info] 
[info] === Serving from 'C:\Users\Sprite-Labtop\Documents\Coding\learnCloundFunction'...
[info] 
[info] i  functions: Preparing to emulate functions.
[debug] [2017-11-04T09:20:00.313Z] >>> HTTP REQUEST GET https://appengine.googleapis.com/v1/apps/learncloundfunction  
 Sat Nov 04 2017 16:20:00 GMT+0700 (SE Asia Standard Time)
[debug] [2017-11-04T09:20:00.313Z] >>> HTTP REQUEST GET https://apikeys.googleapis.com/v1/projects/learncloundfunction/apiKeys  
 Sat Nov 04 2017 16:20:00 GMT+0700 (SE Asia Standard Time)
[debug] [2017-11-04T09:20:01.698Z] <<< HTTP RESPONSE 200
[debug] [2017-11-04T09:20:01.870Z] <<< HTTP RESPONSE 200
[warn] !  functions: Failed to load functions source code. Ensure that you have the latest SDK by running npm i --save firebase-functions inside the functions directory.
[warn] !  functions: Error from emulator. FirebaseError: Error occurred while parsing your function triggers.

C:\Users\Sprite-Labtop\Documents\Coding\learnCloundFunction\functions\index.js:62
        res.send(oldBalance = ${oldBalance} amount = ${amount} newBalance = ${newBalance})
                              ^

SyntaxError: missing ) after argument list
    at createScript (vm.js:80:10)
    at Object.runInThisContext (vm.js:139:10)
    at Module._compile (module.js:588:28)
    at Object.Module._extensions..js (module.js:635:10)
    at Module.load (module.js:545:32)
    at tryModuleLoad (module.js:508:12)
    at Function.Module._load (module.js:500:3)
    at Module.require (module.js:568:17)
    at require (internal/module.js:11:18)
    at C:\Users\Sprite-Labtop\AppData\Roaming\npm\node_modules\firebase-tools\lib\triggerParser.js:18:11
[info] Shutting down...
[debug] [2017-11-04T09:22:49.458Z] ----------------------------------------------------------------------
[debug] [2017-11-04T09:22:49.458Z] Command:       C:\Program Files\nodejs\node.exe C:\Users\Sprite-Labtop\AppData\Roaming\npm\node_modules\firebase-tools\bin\firebase serve --only functions
[debug] [2017-11-04T09:22:49.458Z] CLI Version:   3.14.0
[debug] [2017-11-04T09:22:49.458Z] Platform:      win32
[debug] [2017-11-04T09:22:49.458Z] Node Version:  v8.7.0
[debug] [2017-11-04T09:22:49.458Z] Time:          Sat Nov 04 2017 16:22:49 GMT+0700 (SE Asia Standard Time)
[debug] [2017-11-04T09:22:49.458Z] ----------------------------------------------------------------------
[debug] 
[debug] [2017-11-04T09:22:49.473Z] > command requires scopes: ["email","openid","https://www.googleapis.com/auth/cloudplatformprojects.readonly","https://www.googleapis.com/auth/firebase","https://www.googleapis.com/auth/cloud-platform"]
[debug] [2017-11-04T09:22:49.473Z] > authorizing via signed-in user
[debug] [2017-11-04T09:22:49.489Z] >>> HTTP REQUEST GET https://admin.firebase.com/v1/projects/learncloundfunction  
 Sat Nov 04 2017 16:22:49 GMT+0700 (SE Asia Standard Time)
[debug] [2017-11-04T09:22:50.911Z] <<< HTTP RESPONSE 200
[debug] [2017-11-04T09:22:50.926Z] >>> HTTP REQUEST GET https://admin.firebase.com/v1/database/learncloundfunction/tokens  
 Sat Nov 04 2017 16:22:50 GMT+0700 (SE Asia Standard Time)
[debug] [2017-11-04T09:22:51.793Z] <<< HTTP RESPONSE 200
[info] 
[info] === Serving from 'C:\Users\Sprite-Labtop\Documents\Coding\learnCloundFunction'...
[info] 
[info] i  functions: Preparing to emulate functions.
[debug] [2017-11-04T09:22:52.175Z] >>> HTTP REQUEST GET https://appengine.googleapis.com/v1/apps/learncloundfunction  
 Sat Nov 04 2017 16:22:52 GMT+0700 (SE Asia Standard Time)
[debug] [2017-11-04T09:22:52.175Z] >>> HTTP REQUEST GET https://apikeys.googleapis.com/v1/projects/learncloundfunction/apiKeys  
 Sat Nov 04 2017 16:22:52 GMT+0700 (SE Asia Standard Time)
[debug] [2017-11-04T09:22:53.550Z] <<< HTTP RESPONSE 200
[debug] [2017-11-04T09:22:53.691Z] <<< HTTP RESPONSE 200
[warn] !  functions: Failed to load functions source code. Ensure that you have the latest SDK by running npm i --save firebase-functions inside the functions directory.
[warn] !  functions: Error from emulator. FirebaseError: Error occurred while parsing your function triggers.

C:\Users\Sprite-Labtop\Documents\Coding\learnCloundFunction\functions\index.js:62
        res.send(oldBalance = ${oldBalance} amount = ${amount} newBalance = ${newBalance})
                              ^

SyntaxError: missing ) after argument list
    at createScript (vm.js:80:10)
    at Object.runInThisContext (vm.js:139:10)
    at Module._compile (module.js:588:28)
    at Object.Module._extensions..js (module.js:635:10)
    at Module.load (module.js:545:32)
    at tryModuleLoad (module.js:508:12)
    at Function.Module._load (module.js:500:3)
    at Module.require (module.js:568:17)
    at require (internal/module.js:11:18)
    at C:\Users\Sprite-Labtop\AppData\Roaming\npm\node_modules\firebase-tools\lib\triggerParser.js:18:11
[info] Shutting down...
[debug] [2017-11-04T09:23:07.770Z] ----------------------------------------------------------------------
[debug] [2017-11-04T09:23:07.770Z] Command:       C:\Program Files\nodejs\node.exe C:\Users\Sprite-Labtop\AppData\Roaming\npm\node_modules\firebase-tools\bin\firebase serve --only functions
[debug] [2017-11-04T09:23:07.770Z] CLI Version:   3.14.0
[debug] [2017-11-04T09:23:07.770Z] Platform:      win32
[debug] [2017-11-04T09:23:07.770Z] Node Version:  v8.7.0
[debug] [2017-11-04T09:23:07.770Z] Time:          Sat Nov 04 2017 16:23:07 GMT+0700 (SE Asia Standard Time)
[debug] [2017-11-04T09:23:07.770Z] ----------------------------------------------------------------------
[debug] 
[debug] [2017-11-04T09:23:07.786Z] > command requires scopes: ["email","openid","https://www.googleapis.com/auth/cloudplatformprojects.readonly","https://www.googleapis.com/auth/firebase","https://www.googleapis.com/auth/cloud-platform"]
[debug] [2017-11-04T09:23:07.786Z] > authorizing via signed-in user
[debug] [2017-11-04T09:23:07.786Z] >>> HTTP REQUEST GET https://admin.firebase.com/v1/projects/learncloundfunction  
 Sat Nov 04 2017 16:23:07 GMT+0700 (SE Asia Standard Time)
[debug] [2017-11-04T09:23:08.974Z] <<< HTTP RESPONSE 200
[debug] [2017-11-04T09:23:08.974Z] >>> HTTP REQUEST GET https://admin.firebase.com/v1/database/learncloundfunction/tokens  
 Sat Nov 04 2017 16:23:08 GMT+0700 (SE Asia Standard Time)
[debug] [2017-11-04T09:23:09.849Z] <<< HTTP RESPONSE 200
[info] 
[info] === Serving from 'C:\Users\Sprite-Labtop\Documents\Coding\learnCloundFunction'...
[info] 
[info] i  functions: Preparing to emulate functions.
[debug] [2017-11-04T09:23:10.242Z] >>> HTTP REQUEST GET https://appengine.googleapis.com/v1/apps/learncloundfunction  
 Sat Nov 04 2017 16:23:10 GMT+0700 (SE Asia Standard Time)
[debug] [2017-11-04T09:23:10.242Z] >>> HTTP REQUEST GET https://apikeys.googleapis.com/v1/projects/learncloundfunction/apiKeys  
 Sat Nov 04 2017 16:23:10 GMT+0700 (SE Asia Standard Time)
[debug] [2017-11-04T09:23:11.609Z] <<< HTTP RESPONSE 200
[debug] [2017-11-04T09:23:11.765Z] <<< HTTP RESPONSE 200
[info] +  functions: getBalance: http://localhost:5000/learncloundfunction/us-central1/getBalance
[info] +  functions: withdraw: http://localhost:5000/learncloundfunction/us-central1/withdraw
[info] +  functions: addStock: http://localhost:5000/learncloundfunction/us-central1/addStock
[info] Shutting down...
[debug] [2017-11-04T09:30:41.605Z] ----------------------------------------------------------------------
[debug] [2017-11-04T09:30:41.605Z] Command:       C:\Program Files\nodejs\node.exe C:\Users\Sprite-Labtop\AppData\Roaming\npm\node_modules\firebase-tools\bin\firebase serve --only functions
[debug] [2017-11-04T09:30:41.605Z] CLI Version:   3.14.0
[debug] [2017-11-04T09:30:41.605Z] Platform:      win32
[debug] [2017-11-04T09:30:41.605Z] Node Version:  v8.7.0
[debug] [2017-11-04T09:30:41.621Z] Time:          Sat Nov 04 2017 16:30:41 GMT+0700 (SE Asia Standard Time)
[debug] [2017-11-04T09:30:41.621Z] ----------------------------------------------------------------------
[debug] 
[debug] [2017-11-04T09:30:41.621Z] > command requires scopes: ["email","openid","https://www.googleapis.com/auth/cloudplatformprojects.readonly","https://www.googleapis.com/auth/firebase","https://www.googleapis.com/auth/cloud-platform"]
[debug] [2017-11-04T09:30:41.636Z] > authorizing via signed-in user
[debug] [2017-11-04T09:30:41.636Z] >>> HTTP REQUEST GET https://admin.firebase.com/v1/projects/learncloundfunction  
 Sat Nov 04 2017 16:30:41 GMT+0700 (SE Asia Standard Time)
[debug] [2017-11-04T09:30:42.777Z] <<< HTTP RESPONSE 200
[debug] [2017-11-04T09:30:42.792Z] >>> HTTP REQUEST GET https://admin.firebase.com/v1/database/learncloundfunction/tokens  
 Sat Nov 04 2017 16:30:42 GMT+0700 (SE Asia Standard Time)
[debug] [2017-11-04T09:30:43.746Z] <<< HTTP RESPONSE 200
[info] 
[info] === Serving from 'C:\Users\Sprite-Labtop\Documents\Coding\learnCloundFunction'...
[info] 
[info] i  functions: Preparing to emulate functions.
[debug] [2017-11-04T09:30:44.182Z] >>> HTTP REQUEST GET https://appengine.googleapis.com/v1/apps/learncloundfunction  
 Sat Nov 04 2017 16:30:44 GMT+0700 (SE Asia Standard Time)
[debug] [2017-11-04T09:30:44.183Z] >>> HTTP REQUEST GET https://apikeys.googleapis.com/v1/projects/learncloundfunction/apiKeys  
 Sat Nov 04 2017 16:30:44 GMT+0700 (SE Asia Standard Time)
[debug] [2017-11-04T09:30:45.555Z] <<< HTTP RESPONSE 200
[debug] [2017-11-04T09:30:45.692Z] <<< HTTP RESPONSE 200
[warn] !  functions: Failed to load functions source code. Ensure that you have the latest SDK by running npm i --save firebase-functions inside the functions directory.
[warn] !  functions: Error from emulator. FirebaseError: Error occurred while parsing your function triggers.

C:\Users\Sprite-Labtop\Documents\Coding\learnCloundFunction\functions\index.js:54
        res.status(400).send(`inStock = ${oldBalance})
                                                    ^^

SyntaxError: missing ) after argument list
    at createScript (vm.js:80:10)
    at Object.runInThisContext (vm.js:139:10)
    at Module._compile (module.js:588:28)
    at Object.Module._extensions..js (module.js:635:10)
    at Module.load (module.js:545:32)
    at tryModuleLoad (module.js:508:12)
    at Function.Module._load (module.js:500:3)
    at Module.require (module.js:568:17)
    at require (internal/module.js:11:18)
    at C:\Users\Sprite-Labtop\AppData\Roaming\npm\node_modules\firebase-tools\lib\triggerParser.js:18:11
[info] Shutting down...
[debug] [2017-11-04T09:31:03.394Z] ----------------------------------------------------------------------
[debug] [2017-11-04T09:31:03.397Z] Command:       C:\Program Files\nodejs\node.exe C:\Users\Sprite-Labtop\AppData\Roaming\npm\node_modules\firebase-tools\bin\firebase serve --only functions
[debug] [2017-11-04T09:31:03.397Z] CLI Version:   3.14.0
[debug] [2017-11-04T09:31:03.398Z] Platform:      win32
[debug] [2017-11-04T09:31:03.398Z] Node Version:  v8.7.0
[debug] [2017-11-04T09:31:03.398Z] Time:          Sat Nov 04 2017 16:31:03 GMT+0700 (SE Asia Standard Time)
[debug] [2017-11-04T09:31:03.398Z] ----------------------------------------------------------------------
[debug] 
[debug] [2017-11-04T09:31:03.417Z] > command requires scopes: ["email","openid","https://www.googleapis.com/auth/cloudplatformprojects.readonly","https://www.googleapis.com/auth/firebase","https://www.googleapis.com/auth/cloud-platform"]
[debug] [2017-11-04T09:31:03.418Z] > authorizing via signed-in user
[debug] [2017-11-04T09:31:03.421Z] >>> HTTP REQUEST GET https://admin.firebase.com/v1/projects/learncloundfunction  
 Sat Nov 04 2017 16:31:03 GMT+0700 (SE Asia Standard Time)
[debug] [2017-11-04T09:31:04.593Z] <<< HTTP RESPONSE 200
[debug] [2017-11-04T09:31:04.593Z] >>> HTTP REQUEST GET https://admin.firebase.com/v1/database/learncloundfunction/tokens  
 Sat Nov 04 2017 16:31:04 GMT+0700 (SE Asia Standard Time)
[debug] [2017-11-04T09:31:05.450Z] <<< HTTP RESPONSE 200
[info] 
[info] === Serving from 'C:\Users\Sprite-Labtop\Documents\Coding\learnCloundFunction'...
[info] 
[info] i  functions: Preparing to emulate functions.
[debug] [2017-11-04T09:31:05.850Z] >>> HTTP REQUEST GET https://appengine.googleapis.com/v1/apps/learncloundfunction  
 Sat Nov 04 2017 16:31:05 GMT+0700 (SE Asia Standard Time)
[debug] [2017-11-04T09:31:05.850Z] >>> HTTP REQUEST GET https://apikeys.googleapis.com/v1/projects/learncloundfunction/apiKeys  
 Sat Nov 04 2017 16:31:05 GMT+0700 (SE Asia Standard Time)
[debug] [2017-11-04T09:31:07.279Z] <<< HTTP RESPONSE 200
[debug] [2017-11-04T09:31:07.388Z] <<< HTTP RESPONSE 200
[warn] !  functions: Failed to load functions source code. Ensure that you have the latest SDK by running npm i --save firebase-functions inside the functions directory.
[warn] !  functions: Error from emulator. FirebaseError: Error occurred while parsing your function triggers.

C:\Users\Sprite-Labtop\Documents\Coding\learnCloundFunction\functions\index.js:55
      } else if () {}
                 ^

SyntaxError: Unexpected token )
    at createScript (vm.js:80:10)
    at Object.runInThisContext (vm.js:139:10)
    at Module._compile (module.js:588:28)
    at Object.Module._extensions..js (module.js:635:10)
    at Module.load (module.js:545:32)
    at tryModuleLoad (module.js:508:12)
    at Function.Module._load (module.js:500:3)
    at Module.require (module.js:568:17)
    at require (internal/module.js:11:18)
    at C:\Users\Sprite-Labtop\AppData\Roaming\npm\node_modules\firebase-tools\lib\triggerParser.js:18:11
[info] Shutting down...
[debug] [2017-11-04T09:31:57.208Z] ----------------------------------------------------------------------
[debug] [2017-11-04T09:31:57.208Z] Command:       C:\Program Files\nodejs\node.exe C:\Users\Sprite-Labtop\AppData\Roaming\npm\node_modules\firebase-tools\bin\firebase serve --only functions
[debug] [2017-11-04T09:31:57.208Z] CLI Version:   3.14.0
[debug] [2017-11-04T09:31:57.208Z] Platform:      win32
[debug] [2017-11-04T09:31:57.208Z] Node Version:  v8.7.0
[debug] [2017-11-04T09:31:57.208Z] Time:          Sat Nov 04 2017 16:31:57 GMT+0700 (SE Asia Standard Time)
[debug] [2017-11-04T09:31:57.208Z] ----------------------------------------------------------------------
[debug] 
[debug] [2017-11-04T09:31:57.224Z] > command requires scopes: ["email","openid","https://www.googleapis.com/auth/cloudplatformprojects.readonly","https://www.googleapis.com/auth/firebase","https://www.googleapis.com/auth/cloud-platform"]
[debug] [2017-11-04T09:31:57.224Z] > authorizing via signed-in user
[debug] [2017-11-04T09:31:57.240Z] >>> HTTP REQUEST GET https://admin.firebase.com/v1/projects/learncloundfunction  
 Sat Nov 04 2017 16:31:57 GMT+0700 (SE Asia Standard Time)
[debug] [2017-11-04T09:31:58.343Z] <<< HTTP RESPONSE 200
[debug] [2017-11-04T09:31:58.343Z] >>> HTTP REQUEST GET https://admin.firebase.com/v1/database/learncloundfunction/tokens  
 Sat Nov 04 2017 16:31:58 GMT+0700 (SE Asia Standard Time)
[debug] [2017-11-04T09:31:59.223Z] <<< HTTP RESPONSE 200
[info] 
[info] === Serving from 'C:\Users\Sprite-Labtop\Documents\Coding\learnCloundFunction'...
[info] 
[info] i  functions: Preparing to emulate functions.
[debug] [2017-11-04T09:31:59.636Z] >>> HTTP REQUEST GET https://appengine.googleapis.com/v1/apps/learncloundfunction  
 Sat Nov 04 2017 16:31:59 GMT+0700 (SE Asia Standard Time)
[debug] [2017-11-04T09:31:59.636Z] >>> HTTP REQUEST GET https://apikeys.googleapis.com/v1/projects/learncloundfunction/apiKeys  
 Sat Nov 04 2017 16:31:59 GMT+0700 (SE Asia Standard Time)
[debug] [2017-11-04T09:32:00.996Z] <<< HTTP RESPONSE 200
[debug] [2017-11-04T09:32:01.192Z] <<< HTTP RESPONSE 200
[warn] !  functions: Failed to load functions source code. Ensure that you have the latest SDK by running npm i --save firebase-functions inside the functions directory.
[warn] !  functions: Error from emulator. FirebaseError: Error occurred while parsing your function triggers.

C:\Users\Sprite-Labtop\Documents\Coding\learnCloundFunction\functions\index.js:55
      } else if () {}
                 ^

SyntaxError: Unexpected token )
    at createScript (vm.js:80:10)
    at Object.runInThisContext (vm.js:139:10)
    at Module._compile (module.js:588:28)
    at Object.Module._extensions..js (module.js:635:10)
    at Module.load (module.js:545:32)
    at tryModuleLoad (module.js:508:12)
    at Function.Module._load (module.js:500:3)
    at Module.require (module.js:568:17)
    at require (internal/module.js:11:18)
    at C:\Users\Sprite-Labtop\AppData\Roaming\npm\node_modules\firebase-tools\lib\triggerParser.js:18:11
[info] Shutting down...
[debug] [2017-11-04T09:32:19.446Z] ----------------------------------------------------------------------
[debug] [2017-11-04T09:32:19.446Z] Command:       C:\Program Files\nodejs\node.exe C:\Users\Sprite-Labtop\AppData\Roaming\npm\node_modules\firebase-tools\bin\firebase serve --only functions
[debug] [2017-11-04T09:32:19.446Z] CLI Version:   3.14.0
[debug] [2017-11-04T09:32:19.446Z] Platform:      win32
[debug] [2017-11-04T09:32:19.446Z] Node Version:  v8.7.0
[debug] [2017-11-04T09:32:19.446Z] Time:          Sat Nov 04 2017 16:32:19 GMT+0700 (SE Asia Standard Time)
[debug] [2017-11-04T09:32:19.446Z] ----------------------------------------------------------------------
[debug] 
[debug] [2017-11-04T09:32:19.461Z] > command requires scopes: ["email","openid","https://www.googleapis.com/auth/cloudplatformprojects.readonly","https://www.googleapis.com/auth/firebase","https://www.googleapis.com/auth/cloud-platform"]
[debug] [2017-11-04T09:32:19.461Z] > authorizing via signed-in user
[debug] [2017-11-04T09:32:19.461Z] >>> HTTP REQUEST GET https://admin.firebase.com/v1/projects/learncloundfunction  
 Sat Nov 04 2017 16:32:19 GMT+0700 (SE Asia Standard Time)
[debug] [2017-11-04T09:32:20.618Z] <<< HTTP RESPONSE 200
[debug] [2017-11-04T09:32:20.618Z] >>> HTTP REQUEST GET https://admin.firebase.com/v1/database/learncloundfunction/tokens  
 Sat Nov 04 2017 16:32:20 GMT+0700 (SE Asia Standard Time)
[debug] [2017-11-04T09:32:21.549Z] <<< HTTP RESPONSE 200
[info] 
[info] === Serving from 'C:\Users\Sprite-Labtop\Documents\Coding\learnCloundFunction'...
[info] 
[info] i  functions: Preparing to emulate functions.
[debug] [2017-11-04T09:32:21.957Z] >>> HTTP REQUEST GET https://appengine.googleapis.com/v1/apps/learncloundfunction  
 Sat Nov 04 2017 16:32:21 GMT+0700 (SE Asia Standard Time)
[debug] [2017-11-04T09:32:21.957Z] >>> HTTP REQUEST GET https://apikeys.googleapis.com/v1/projects/learncloundfunction/apiKeys  
 Sat Nov 04 2017 16:32:21 GMT+0700 (SE Asia Standard Time)
[debug] [2017-11-04T09:32:23.286Z] <<< HTTP RESPONSE 200
[debug] [2017-11-04T09:32:23.473Z] <<< HTTP RESPONSE 200
[info] +  functions: getBalance: http://localhost:5000/learncloundfunction/us-central1/getBalance
[info] +  functions: withdraw: http://localhost:5000/learncloundfunction/us-central1/withdraw
[info] +  functions: addStock: http://localhost:5000/learncloundfunction/us-central1/addStock
[info] Shutting down...
[debug] [2017-11-04T09:34:40.233Z] ----------------------------------------------------------------------
[debug] [2017-11-04T09:34:40.236Z] Command:       C:\Program Files\nodejs\node.exe C:\Users\Sprite-Labtop\AppData\Roaming\npm\node_modules\firebase-tools\bin\firebase serve --only functions
[debug] [2017-11-04T09:34:40.236Z] CLI Version:   3.14.0
[debug] [2017-11-04T09:34:40.236Z] Platform:      win32
[debug] [2017-11-04T09:34:40.237Z] Node Version:  v8.7.0
[debug] [2017-11-04T09:34:40.237Z] Time:          Sat Nov 04 2017 16:34:40 GMT+0700 (SE Asia Standard Time)
[debug] [2017-11-04T09:34:40.237Z] ----------------------------------------------------------------------
[debug] 
[debug] [2017-11-04T09:34:40.246Z] > command requires scopes: ["email","openid","https://www.googleapis.com/auth/cloudplatformprojects.readonly","https://www.googleapis.com/auth/firebase","https://www.googleapis.com/auth/cloud-platform"]
[debug] [2017-11-04T09:34:40.246Z] > authorizing via signed-in user
[debug] [2017-11-04T09:34:40.246Z] >>> HTTP REQUEST GET https://admin.firebase.com/v1/projects/learncloundfunction  
 Sat Nov 04 2017 16:34:40 GMT+0700 (SE Asia Standard Time)
[debug] [2017-11-04T09:34:41.374Z] <<< HTTP RESPONSE 200
[debug] [2017-11-04T09:34:41.374Z] >>> HTTP REQUEST GET https://admin.firebase.com/v1/database/learncloundfunction/tokens  
 Sat Nov 04 2017 16:34:41 GMT+0700 (SE Asia Standard Time)
[debug] [2017-11-04T09:34:42.293Z] <<< HTTP RESPONSE 200
[info] 
[info] === Serving from 'C:\Users\Sprite-Labtop\Documents\Coding\learnCloundFunction'...
[info] 
[info] i  functions: Preparing to emulate functions.
[debug] [2017-11-04T09:34:42.683Z] >>> HTTP REQUEST GET https://appengine.googleapis.com/v1/apps/learncloundfunction  
 Sat Nov 04 2017 16:34:42 GMT+0700 (SE Asia Standard Time)
[debug] [2017-11-04T09:34:42.683Z] >>> HTTP REQUEST GET https://apikeys.googleapis.com/v1/projects/learncloundfunction/apiKeys  
 Sat Nov 04 2017 16:34:42 GMT+0700 (SE Asia Standard Time)
[debug] [2017-11-04T09:34:44.078Z] <<< HTTP RESPONSE 200
[debug] [2017-11-04T09:34:44.199Z] <<< HTTP RESPONSE 200
[info] +  functions: withdraw: http://localhost:5000/learncloundfunction/us-central1/withdraw
[info] +  functions: addStock: http://localhost:5000/learncloundfunction/us-central1/addStock
[info] +  functions: getBalance: http://localhost:5000/learncloundfunction/us-central1/getBalance
